<?xml version="1.0" encoding="UTF-8"?>
<!-- Generated by org.testng.reporters.JUnitReportReporter -->
<testsuite hostname="ip-172-31-36-135" failures="0" tests="1" name="com.assignment.pack.AmazonAutomationTest" time="4.933" errors="0" timestamp="2023-08-25T07:36:39 UTC" skipped="0">
  <testcase classname="com.assignment.pack.AmazonAutomationTest" name="testAmazonAutomation" time="4.933"/>
</testsuite> <!-- com.assignment.pack.AmazonAutomationTest -->
