<?xml version="1.0" encoding="UTF-8"?>
<!-- Generated by org.testng.reporters.JUnitReportReporter -->
<testsuite hostname="ip-172-31-36-135" failures="0" tests="1" name="com.assignment.pack.demoform" time="19.356" errors="0" timestamp="2023-08-25T09:02:38 UTC" skipped="0">
  <testcase classname="com.assignment.pack.demoform" name="fillAboutMeForm" time="19.356"/>
</testsuite> <!-- com.assignment.pack.demoform -->
