<?xml version="1.0" encoding="UTF-8"?>
<!-- Generated by org.testng.reporters.JUnitReportReporter -->
<testsuite hostname="ip-172-31-36-135" failures="0" tests="3" name="com.assignment.pack.GO_DADDY" time="2.100" errors="0" timestamp="2023-08-24T19:44:02 UTC" skipped="0">
  <testcase classname="com.assignment.pack.GO_DADDY" name="TitleValidation" time="0.726"/>
  <testcase classname="com.assignment.pack.GO_DADDY" name="UrlValidation" time="0.326"/>
  <testcase classname="com.assignment.pack.GO_DADDY" name="PageSourceValidation" time="1.048"/>
</testsuite> <!-- com.assignment.pack.GO_DADDY -->
