<?xml version="1.0" encoding="UTF-8"?>
<!-- Generated by org.testng.reporters.JUnitReportReporter -->
<testsuite hostname="ip-172-31-36-135" failures="0" tests="4" name="com.assignment.pack.week2assignment" time="22.001" errors="0" timestamp="2023-08-24T18:26:16 UTC" skipped="0">
  <testcase classname="com.assignment.pack.week2assignment" name="testBlankLogin" time="5.829"/>
  <testcase classname="com.assignment.pack.week2assignment" name="testInvalidLogin" time="2.800"/>
  <testcase classname="com.assignment.pack.week2assignment" name="testValidLogin" time="2.945"/>
  <testcase classname="com.assignment.pack.week2assignment" name="testLogout" time="10.427"/>
</testsuite> <!-- com.assignment.pack.week2assignment -->
