<?xml version="1.0" encoding="UTF-8"?>
<!-- Generated by org.testng.reporters.JUnitReportReporter -->
<testsuite hostname="ip-172-31-36-135" failures="0" tests="3" name="seleniumadvanced_II.login" time="17.250" errors="0" timestamp="2023-08-24T19:14:45 UTC" skipped="0">
  <testcase classname="seleniumadvanced_II.login" name="testBlankLogin" time="5.168"/>
  <testcase classname="seleniumadvanced_II.login" name="testInvalidLogin" time="6.143"/>
  <testcase classname="seleniumadvanced_II.login" name="testValidLogin" time="5.939"/>
</testsuite> <!-- seleniumadvanced_II.login -->
