<?xml version="1.0" encoding="UTF-8"?>
<!-- Generated by org.testng.reporters.JUnitReportReporter -->
<testsuite hostname="ip-172-31-36-135" failures="0" tests="1" name="seleniumadvanced_II.logout" time="16.295" errors="0" timestamp="2023-08-24T19:14:45 UTC" skipped="0">
  <testcase classname="seleniumadvanced_II.logout" name="testLogout" time="16.295"/>
</testsuite> <!-- seleniumadvanced_II.logout -->
