<?xml version="1.0" encoding="UTF-8"?>
<!-- Generated by org.testng.reporters.JUnitReportReporter -->
<testsuite hostname="DESKTOP-S7VGT8L" failures="0" tests="7" name="selenium_advanced.orangehrmlive" time="94.400" errors="0" timestamp="2023-08-24T20:35:30 IST" skipped="0">
  <testcase classname="selenium_advanced.orangehrmlive" name="blankuser" time="8.973"/>
  <testcase classname="selenium_advanced.orangehrmlive" name="blankpass" time="6.904"/>
  <testcase classname="selenium_advanced.orangehrmlive" name="invaliduser" time="8.996"/>
  <testcase classname="selenium_advanced.orangehrmlive" name="invalidpass" time="8.958"/>
  <testcase classname="selenium_advanced.orangehrmlive" name="validuserpass" time="9.501"/>
  <testcase classname="selenium_advanced.orangehrmlive" name="logout" time="9.258"/>
  <testcase classname="selenium_advanced.orangehrmlive" name="addemployee" time="41.810"/>
</testsuite> <!-- selenium_advanced.orangehrmlive -->
