<?xml version="1.0" encoding="UTF-8"?>
<!-- Generated by org.testng.reporters.JUnitReportReporter -->
<testsuite hostname="DESKTOP-S7VGT8L" failures="0" tests="2" name="selenium_advanced.custom_Report" time="130.234" errors="0" timestamp="2023-08-24T23:51:30 IST" skipped="0">
  <testcase classname="selenium_advanced.custom_Report" name="main" time="65.449"/>
  <testcase classname="selenium_advanced.custom_Report" name="main" time="64.785"/>
</testsuite> <!-- selenium_advanced.custom_Report -->
